app/build/intermediates/manifest_merge_blame_file/debug/manifest-merger-blame-debug-report.txt
1<?xml version="1.0" encoding="utf-8"?>
2<manifest xmlns:android="http://schemas.android.com/apk/res/android"
3    package="com.example.psychoapp"
4    android:versionCode="1"
5    android:versionName="1.0" >
6
7    <uses-sdk
8        android:minSdkVersion="20"
8-->src\main\AndroidManifest.xml
9        android:targetSdkVersion="30" />
9-->src\main\AndroidManifest.xml
10
11    <uses-permission android:name="android.permission.INTERNET" />
11-->src\main\AndroidManifest.xml:5:5-67
11-->src\main\AndroidManifest.xml:5:22-64
12
13    <application
13-->src\main\AndroidManifest.xml:7:5-46:19
14        android:allowBackup="true"
14-->src\main\AndroidManifest.xml:8:9-35
15        android:appComponentFactory="androidx.core.app.CoreComponentFactory"
15-->[androidx.core:core:1.3.1] AndroidManifest.xml:24:18-86
16        android:debuggable="true"
17        android:icon="@mipmap/ic_launcher"
17-->src\main\AndroidManifest.xml:9:9-43
18        android:label="@string/app_name"
18-->src\main\AndroidManifest.xml:10:9-41
19        android:roundIcon="@mipmap/ic_launcher_round"
19-->src\main\AndroidManifest.xml:11:9-54
20        android:supportsRtl="true"
20-->src\main\AndroidManifest.xml:12:9-35
21        android:testOnly="true"
22        android:theme="@style/Theme.PsychoApp" >
22-->src\main\AndroidManifest.xml:13:9-47
23        <activity android:name="com.example.psychoapp.ErrorActivity" />
23-->src\main\AndroidManifest.xml:14:9-60
23-->src\main\AndroidManifest.xml:14:19-48
24        <activity
24-->src\main\AndroidManifest.xml:15:9-22:20
25            android:name="com.example.psychoapp.DecisionActivity"
25-->src\main\AndroidManifest.xml:16:13-45
26            android:label=".DecisionActivity"
26-->src\main\AndroidManifest.xml:17:13-46
27            android:parentActivityName="com.example.psychoapp.DecisionActivity" >
27-->src\main\AndroidManifest.xml:18:13-59
28            <meta-data
28-->src\main\AndroidManifest.xml:19:13-21:70
29                android:name="android.support.PARENT_ACTIVITY"
29-->src\main\AndroidManifest.xml:20:17-63
30                android:value="com.example.psychoapp.DataActivity" />
30-->src\main\AndroidManifest.xml:21:17-67
31        </activity>
32        <activity
32-->src\main\AndroidManifest.xml:23:9-30:20
33            android:name="com.example.psychoapp.DataActivity"
33-->src\main\AndroidManifest.xml:24:13-41
34            android:label=".DataActivity"
34-->src\main\AndroidManifest.xml:25:13-42
35            android:parentActivityName="com.example.psychoapp.LoginActivity" >
35-->src\main\AndroidManifest.xml:26:13-56
36            <meta-data
36-->src\main\AndroidManifest.xml:19:13-21:70
37                android:name="android.support.PARENT_ACTIVITY"
37-->src\main\AndroidManifest.xml:20:17-63
38                android:value="com.example.psychoapp.LoginActivity" />
38-->src\main\AndroidManifest.xml:21:17-67
39        </activity>
40        <activity
40-->src\main\AndroidManifest.xml:31:9-38:20
41            android:name="com.example.psychoapp.LoginActivity"
41-->src\main\AndroidManifest.xml:32:13-42
42            android:label=".LoginActivity"
42-->src\main\AndroidManifest.xml:33:13-43
43            android:parentActivityName="com.example.psychoapp.MainActivity" >
43-->src\main\AndroidManifest.xml:34:13-55
44            <meta-data
44-->src\main\AndroidManifest.xml:19:13-21:70
45                android:name="android.support.PARENT_ACTIVITY"
45-->src\main\AndroidManifest.xml:20:17-63
46                android:value="com.example.psychoapp.MainActivity" />
46-->src\main\AndroidManifest.xml:21:17-67
47        </activity>
48        <activity android:name="com.example.psychoapp.MainActivity" >
48-->src\main\AndroidManifest.xml:39:9-45:20
48-->src\main\AndroidManifest.xml:39:19-47
49            <intent-filter>
49-->src\main\AndroidManifest.xml:40:13-44:29
50                <action android:name="android.intent.action.MAIN" />
50-->src\main\AndroidManifest.xml:41:17-69
50-->src\main\AndroidManifest.xml:41:25-66
51
52                <category android:name="android.intent.category.LAUNCHER" />
52-->src\main\AndroidManifest.xml:43:17-77
52-->src\main\AndroidManifest.xml:43:27-74
53            </intent-filter>
54        </activity>
55    </application>
56
57</manifest>